Started GET "/" for ::1 at 2018-10-15 13:30:48 -0400
  
ActiveRecord::NoDatabaseError (FATAL:  database "calreact_development" does not exist
):
  
activerecord (5.2.1) lib/active_record/connection_adapters/postgresql_adapter.rb:688:in `rescue in connect'
activerecord (5.2.1) lib/active_record/connection_adapters/postgresql_adapter.rb:683:in `connect'
activerecord (5.2.1) lib/active_record/connection_adapters/postgresql_adapter.rb:215:in `initialize'
activerecord (5.2.1) lib/active_record/connection_adapters/postgresql_adapter.rb:40:in `new'
activerecord (5.2.1) lib/active_record/connection_adapters/postgresql_adapter.rb:40:in `postgresql_connection'
activerecord (5.2.1) lib/active_record/connection_adapters/abstract/connection_pool.rb:809:in `new_connection'
activerecord (5.2.1) lib/active_record/connection_adapters/abstract/connection_pool.rb:853:in `checkout_new_connection'
activerecord (5.2.1) lib/active_record/connection_adapters/abstract/connection_pool.rb:832:in `try_to_checkout_new_connection'
activerecord (5.2.1) lib/active_record/connection_adapters/abstract/connection_pool.rb:793:in `acquire_connection'
activerecord (5.2.1) lib/active_record/connection_adapters/abstract/connection_pool.rb:521:in `checkout'
activerecord (5.2.1) lib/active_record/connection_adapters/abstract/connection_pool.rb:380:in `connection'
activerecord (5.2.1) lib/active_record/connection_adapters/abstract/connection_pool.rb:1008:in `retrieve_connection'
activerecord (5.2.1) lib/active_record/connection_handling.rb:118:in `retrieve_connection'
activerecord (5.2.1) lib/active_record/connection_handling.rb:90:in `connection'
activerecord (5.2.1) lib/active_record/migration.rb:554:in `call'
actionpack (5.2.1) lib/action_dispatch/middleware/callbacks.rb:28:in `block in call'
activesupport (5.2.1) lib/active_support/callbacks.rb:98:in `run_callbacks'
actionpack (5.2.1) lib/action_dispatch/middleware/callbacks.rb:26:in `call'
actionpack (5.2.1) lib/action_dispatch/middleware/executor.rb:14:in `call'
actionpack (5.2.1) lib/action_dispatch/middleware/debug_exceptions.rb:61:in `call'
web-console (3.7.0) lib/web_console/middleware.rb:135:in `call_app'
web-console (3.7.0) lib/web_console/middleware.rb:30:in `block in call'
web-console (3.7.0) lib/web_console/middleware.rb:20:in `catch'
web-console (3.7.0) lib/web_console/middleware.rb:20:in `call'
actionpack (5.2.1) lib/action_dispatch/middleware/show_exceptions.rb:33:in `call'
railties (5.2.1) lib/rails/rack/logger.rb:38:in `call_app'
railties (5.2.1) lib/rails/rack/logger.rb:26:in `block in call'
activesupport (5.2.1) lib/active_support/tagged_logging.rb:71:in `block in tagged'
activesupport (5.2.1) lib/active_support/tagged_logging.rb:28:in `tagged'
activesupport (5.2.1) lib/active_support/tagged_logging.rb:71:in `tagged'
railties (5.2.1) lib/rails/rack/logger.rb:26:in `call'
sprockets-rails (3.2.1) lib/sprockets/rails/quiet_assets.rb:13:in `call'
actionpack (5.2.1) lib/action_dispatch/middleware/remote_ip.rb:81:in `call'
actionpack (5.2.1) lib/action_dispatch/middleware/request_id.rb:27:in `call'
rack (2.0.5) lib/rack/method_override.rb:22:in `call'
rack (2.0.5) lib/rack/runtime.rb:22:in `call'
activesupport (5.2.1) lib/active_support/cache/strategy/local_cache_middleware.rb:29:in `call'
actionpack (5.2.1) lib/action_dispatch/middleware/executor.rb:14:in `call'
actionpack (5.2.1) lib/action_dispatch/middleware/static.rb:127:in `call'
rack (2.0.5) lib/rack/sendfile.rb:111:in `call'
webpacker (3.5.5) lib/webpacker/dev_server_proxy.rb:22:in `perform_request'
rack-proxy (0.6.5) lib/rack/proxy.rb:57:in `call'
railties (5.2.1) lib/rails/engine.rb:524:in `call'
puma (3.12.0) lib/puma/configuration.rb:225:in `call'
puma (3.12.0) lib/puma/server.rb:658:in `handle_request'
puma (3.12.0) lib/puma/server.rb:472:in `process_client'
puma (3.12.0) lib/puma/server.rb:332:in `block in run'
puma (3.12.0) lib/puma/thread_pool.rb:133:in `block in spawn_thread'
  [1m[35m (390.4ms)[0m  [1m[35mCREATE DATABASE "calreact_development" ENCODING = 'unicode'[0m
  ↳ /Users/johnhinnegan/.rvm/gems/ruby-2.4.4@calreact/bin/rake:23
  [1m[35m (295.3ms)[0m  [1m[35mCREATE DATABASE "calreact_test" ENCODING = 'unicode'[0m
  ↳ /Users/johnhinnegan/.rvm/gems/ruby-2.4.4@calreact/bin/rake:23
Started GET "/" for ::1 at 2018-10-15 13:31:05 -0400
Processing by Rails::WelcomeController#index as HTML
  Rendering /Users/johnhinnegan/.rvm/gems/ruby-2.4.4@calreact/gems/railties-5.2.1/lib/rails/templates/rails/welcome/index.html.erb
  Rendered /Users/johnhinnegan/.rvm/gems/ruby-2.4.4@calreact/gems/railties-5.2.1/lib/rails/templates/rails/welcome/index.html.erb (2.7ms)
Completed 200 OK in 17ms (Views: 7.6ms | ActiveRecord: 0.0ms)


Started GET "/" for ::1 at 2018-10-15 14:01:13 -0400
Processing by AppointmentsController#index as HTML
  Rendering appointments/index.html.erb within layouts/application
  Rendered appointments/index.html.erb within layouts/application (0.9ms)
Completed 200 OK in 1289ms (Views: 1280.1ms | ActiveRecord: 0.0ms)


Started GET "/" for ::1 at 2018-10-15 14:06:50 -0400
Processing by AppointmentsController#index as HTML
  Rendering appointments/index.html.erb within layouts/application
  Rendered appointments/index.html.erb within layouts/application (0.6ms)
Completed 200 OK in 1216ms (Views: 1207.4ms | ActiveRecord: 0.0ms)


Started GET "/" for ::1 at 2018-10-15 14:08:14 -0400
Processing by AppointmentsController#index as HTML
  Rendering appointments/index.html.erb within layouts/application
  Rendered appointments/index.html.erb within layouts/application (0.3ms)
Completed 200 OK in 14ms (Views: 12.6ms | ActiveRecord: 0.0ms)


Started GET "/" for ::1 at 2018-10-15 14:08:56 -0400
Processing by AppointmentsController#index as HTML
  Rendering appointments/index.html.erb within layouts/application
  Rendered appointments/index.html.erb within layouts/application (0.3ms)
Completed 200 OK in 15ms (Views: 13.1ms | ActiveRecord: 0.0ms)


Started GET "/" for ::1 at 2018-10-15 14:09:16 -0400
Processing by AppointmentsController#index as HTML
  Rendering appointments/index.html.erb within layouts/application
  Rendered appointments/index.html.erb within layouts/application (0.3ms)
Completed 200 OK in 14ms (Views: 12.0ms | ActiveRecord: 0.0ms)


Started GET "/" for ::1 at 2018-10-15 14:09:47 -0400
Processing by AppointmentsController#index as HTML
  Rendering appointments/index.html.erb within layouts/application
  Rendered appointments/index.html.erb within layouts/application (0.3ms)
Completed 200 OK in 14ms (Views: 12.4ms | ActiveRecord: 0.0ms)


Started GET "/" for ::1 at 2018-10-15 14:10:11 -0400
Processing by AppointmentsController#index as HTML
  Rendering appointments/index.html.erb within layouts/application
  Rendered appointments/index.html.erb within layouts/application (0.6ms)
Completed 200 OK in 15ms (Views: 13.6ms | ActiveRecord: 0.0ms)


Started GET "/" for ::1 at 2018-10-15 14:11:26 -0400
Processing by AppointmentsController#index as HTML
  Rendering appointments/index.html.erb within layouts/application
  Rendered appointments/index.html.erb within layouts/application (0.4ms)
Completed 200 OK in 15ms (Views: 13.1ms | ActiveRecord: 0.0ms)


Started GET "/" for ::1 at 2018-10-15 14:11:40 -0400
Processing by AppointmentsController#index as HTML
  Rendering appointments/index.html.erb within layouts/application
  Rendered appointments/index.html.erb within layouts/application (0.4ms)
Completed 200 OK in 15ms (Views: 13.7ms | ActiveRecord: 0.0ms)


Started GET "/" for ::1 at 2018-10-15 14:12:23 -0400
Processing by AppointmentsController#index as HTML
  Rendering appointments/index.html.erb within layouts/application
  Rendered appointments/index.html.erb within layouts/application (0.4ms)
Completed 200 OK in 14ms (Views: 12.6ms | ActiveRecord: 0.0ms)


Started GET "/" for ::1 at 2018-10-15 14:12:47 -0400
Processing by AppointmentsController#index as HTML
  Rendering appointments/index.html.erb within layouts/application
  Rendered appointments/index.html.erb within layouts/application (0.4ms)
Completed 200 OK in 18ms (Views: 16.7ms | ActiveRecord: 0.0ms)


Started GET "/" for ::1 at 2018-10-15 14:13:59 -0400
Processing by AppointmentsController#index as HTML
  Rendering appointments/index.html.erb within layouts/application
  Rendered appointments/index.html.erb within layouts/application (1.0ms)
Completed 200 OK in 1257ms (Views: 1247.9ms | ActiveRecord: 0.0ms)


Started GET "/" for ::1 at 2018-10-15 14:16:11 -0400
Processing by AppointmentsController#index as HTML
  Rendering appointments/index.html.erb within layouts/application
  Rendered appointments/index.html.erb within layouts/application (0.6ms)
Completed 200 OK in 1434ms (Views: 1424.5ms | ActiveRecord: 0.0ms)


Started GET "/" for ::1 at 2018-10-15 14:17:36 -0400
Processing by AppointmentsController#index as HTML
  Rendering appointments/index.html.haml within layouts/application
  Rendered appointments/index.html.haml within layouts/application (3.8ms)
Completed 500 Internal Server Error in 17ms (ActiveRecord: 0.0ms)


  
SyntaxError (/workspace/softwaregravy/calreact/app/views/appointments/index.html.haml:3: syntax error, unexpected '\n', expecting keyword_do_LAMBDA or tLAMBEG):
  
app/views/appointments/index.html.haml:3: syntax error, unexpected '\n', expecting keyword_do_LAMBDA or tLAMBEG
Started GET "/" for ::1 at 2018-10-15 14:17:44 -0400
Processing by AppointmentsController#index as HTML
  Rendering appointments/index.html.haml within layouts/application
  Rendered appointments/index.html.haml within layouts/application (1.2ms)
Completed 200 OK in 1152ms (Views: 1150.1ms | ActiveRecord: 0.0ms)


  [1m[35m (24.3ms)[0m  [1m[35mCREATE TABLE "schema_migrations" ("version" character varying NOT NULL PRIMARY KEY)[0m
  ↳ /Users/johnhinnegan/.rvm/gems/ruby-2.4.4@calreact/bin/rake:23
  [1m[35m (4.4ms)[0m  [1m[35mCREATE TABLE "ar_internal_metadata" ("key" character varying NOT NULL PRIMARY KEY, "value" character varying, "created_at" timestamp NOT NULL, "updated_at" timestamp NOT NULL)[0m
  ↳ /Users/johnhinnegan/.rvm/gems/ruby-2.4.4@calreact/bin/rake:23
  [1m[35m (0.2ms)[0m  [1m[34mSELECT pg_try_advisory_lock(6037465195599049485)[0m
  ↳ /Users/johnhinnegan/.rvm/gems/ruby-2.4.4@calreact/bin/rake:23
  [1m[35m (1.1ms)[0m  [1m[34mSELECT "schema_migrations"."version" FROM "schema_migrations" ORDER BY "schema_migrations"."version" ASC[0m
  ↳ /Users/johnhinnegan/.rvm/gems/ruby-2.4.4@calreact/bin/rake:23
Migrating to CreateAppointments (20181015181758)
  [1m[35m (0.2ms)[0m  [1m[35mBEGIN[0m
  ↳ /Users/johnhinnegan/.rvm/gems/ruby-2.4.4@calreact/bin/rake:23
  [1m[35m (5.9ms)[0m  [1m[35mCREATE TABLE "appointments" ("id" bigserial primary key, "title" character varying, "appt_time" timestamp, "created_at" timestamp NOT NULL, "updated_at" timestamp NOT NULL)[0m
  ↳ db/migrate/20181015181758_create_appointments.rb:3
  [1m[36mActiveRecord::SchemaMigration Create (0.4ms)[0m  [1m[32mINSERT INTO "schema_migrations" ("version") VALUES ($1) RETURNING "version"[0m  [["version", "20181015181758"]]
  ↳ /Users/johnhinnegan/.rvm/gems/ruby-2.4.4@calreact/bin/rake:23
  [1m[35m (0.5ms)[0m  [1m[35mCOMMIT[0m
  ↳ /Users/johnhinnegan/.rvm/gems/ruby-2.4.4@calreact/bin/rake:23
  [1m[36mActiveRecord::InternalMetadata Load (0.6ms)[0m  [1m[34mSELECT  "ar_internal_metadata".* FROM "ar_internal_metadata" WHERE "ar_internal_metadata"."key" = $1 LIMIT $2[0m  [["key", "environment"], ["LIMIT", 1]]
  ↳ /Users/johnhinnegan/.rvm/gems/ruby-2.4.4@calreact/bin/rake:23
  [1m[35m (0.1ms)[0m  [1m[35mBEGIN[0m
  ↳ /Users/johnhinnegan/.rvm/gems/ruby-2.4.4@calreact/bin/rake:23
  [1m[36mActiveRecord::InternalMetadata Create (0.5ms)[0m  [1m[32mINSERT INTO "ar_internal_metadata" ("key", "value", "created_at", "updated_at") VALUES ($1, $2, $3, $4) RETURNING "key"[0m  [["key", "environment"], ["value", "development"], ["created_at", "2018-10-15 18:18:03.964942"], ["updated_at", "2018-10-15 18:18:03.964942"]]
  ↳ /Users/johnhinnegan/.rvm/gems/ruby-2.4.4@calreact/bin/rake:23
  [1m[35m (0.3ms)[0m  [1m[35mCOMMIT[0m
  ↳ /Users/johnhinnegan/.rvm/gems/ruby-2.4.4@calreact/bin/rake:23
  [1m[35m (0.2ms)[0m  [1m[34mSELECT pg_advisory_unlock(6037465195599049485)[0m
  ↳ /Users/johnhinnegan/.rvm/gems/ruby-2.4.4@calreact/bin/rake:23
  [1m[35m (0.2ms)[0m  [1m[34mSELECT "schema_migrations"."version" FROM "schema_migrations" ORDER BY "schema_migrations"."version" ASC[0m
  ↳ /Users/johnhinnegan/.rvm/gems/ruby-2.4.4@calreact/bin/rake:23
Started GET "/" for ::1 at 2018-10-15 14:18:27 -0400
  [1m[35m (0.7ms)[0m  [1m[34mSELECT "schema_migrations"."version" FROM "schema_migrations" ORDER BY "schema_migrations"."version" ASC[0m
  ↳ /Users/johnhinnegan/.rvm/gems/ruby-2.4.4@calreact/gems/activerecord-5.2.1/lib/active_record/log_subscriber.rb:98
Processing by AppointmentsController#index as HTML
  Rendering appointments/index.html.haml within layouts/application
  Rendered appointments/index.html.haml within layouts/application (1.6ms)
Completed 200 OK in 18ms (Views: 16.3ms | ActiveRecord: 0.0ms)


Started GET "/" for ::1 at 2018-10-15 14:20:25 -0400
Processing by AppointmentsController#index as HTML
  Rendering appointments/index.html.haml within layouts/application
  [1m[36mAppointment Load (1.4ms)[0m  [1m[34mSELECT  "appointments".* FROM "appointments" ORDER BY appt_time ASC LIMIT $1[0m  [["LIMIT", 11]]
  ↳ /Users/johnhinnegan/.rvm/rubies/ruby-2.4.4/lib/ruby/gems/2.4.0/gems/did_you_mean-1.1.0/lib/did_you_mean/core_ext/name_error.rb:10
  [1m[36mCACHE Appointment Load (0.0ms)[0m  [1m[34mSELECT  "appointments".* FROM "appointments" ORDER BY appt_time ASC LIMIT $1[0m  [["LIMIT", 11]]
  ↳ /Users/johnhinnegan/.rvm/rubies/ruby-2.4.4/lib/ruby/gems/2.4.0/gems/did_you_mean-1.1.0/lib/did_you_mean/core_ext/name_error.rb:10
  [1m[36mCACHE Appointment Load (0.0ms)[0m  [1m[34mSELECT  "appointments".* FROM "appointments" ORDER BY appt_time ASC LIMIT $1[0m  [["LIMIT", 11]]
  ↳ /Users/johnhinnegan/.rvm/rubies/ruby-2.4.4/lib/ruby/gems/2.4.0/gems/did_you_mean-1.1.0/lib/did_you_mean/core_ext/name_error.rb:10
  [1m[36mCACHE Appointment Load (0.0ms)[0m  [1m[34mSELECT  "appointments".* FROM "appointments" ORDER BY appt_time ASC LIMIT $1[0m  [["LIMIT", 11]]
  ↳ /Users/johnhinnegan/.rvm/rubies/ruby-2.4.4/lib/ruby/gems/2.4.0/gems/did_you_mean-1.1.0/lib/did_you_mean/core_ext/name_error.rb:10
  [1m[36mCACHE Appointment Load (0.0ms)[0m  [1m[34mSELECT  "appointments".* FROM "appointments" ORDER BY appt_time ASC LIMIT $1[0m  [["LIMIT", 11]]
  ↳ /Users/johnhinnegan/.rvm/rubies/ruby-2.4.4/lib/ruby/gems/2.4.0/gems/did_you_mean-1.1.0/lib/did_you_mean/core_ext/name_error.rb:10
  [1m[36mCACHE Appointment Load (0.0ms)[0m  [1m[34mSELECT  "appointments".* FROM "appointments" ORDER BY appt_time ASC LIMIT $1[0m  [["LIMIT", 11]]
  ↳ /Users/johnhinnegan/.rvm/rubies/ruby-2.4.4/lib/ruby/gems/2.4.0/gems/did_you_mean-1.1.0/lib/did_you_mean/core_ext/name_error.rb:10
  [1m[36mCACHE Appointment Load (0.0ms)[0m  [1m[34mSELECT  "appointments".* FROM "appointments" ORDER BY appt_time ASC LIMIT $1[0m  [["LIMIT", 11]]
  ↳ /Users/johnhinnegan/.rvm/rubies/ruby-2.4.4/lib/ruby/gems/2.4.0/gems/did_you_mean-1.1.0/lib/did_you_mean/core_ext/name_error.rb:6
  [1m[36mCACHE Appointment Load (0.0ms)[0m  [1m[34mSELECT  "appointments".* FROM "appointments" ORDER BY appt_time ASC LIMIT $1[0m  [["LIMIT", 11]]
  ↳ /Users/johnhinnegan/.rvm/rubies/ruby-2.4.4/lib/ruby/gems/2.4.0/gems/did_you_mean-1.1.0/lib/did_you_mean/core_ext/name_error.rb:6
  [1m[36mCACHE Appointment Load (0.0ms)[0m  [1m[34mSELECT  "appointments".* FROM "appointments" ORDER BY appt_time ASC LIMIT $1[0m  [["LIMIT", 11]]
  ↳ /Users/johnhinnegan/.rvm/rubies/ruby-2.4.4/lib/ruby/gems/2.4.0/gems/did_you_mean-1.1.0/lib/did_you_mean/core_ext/name_error.rb:6
  [1m[36mCACHE Appointment Load (0.0ms)[0m  [1m[34mSELECT  "appointments".* FROM "appointments" ORDER BY appt_time ASC LIMIT $1[0m  [["LIMIT", 11]]
  ↳ /Users/johnhinnegan/.rvm/rubies/ruby-2.4.4/lib/ruby/gems/2.4.0/gems/did_you_mean-1.1.0/lib/did_you_mean/core_ext/name_error.rb:6
  [1m[36mCACHE Appointment Load (0.0ms)[0m  [1m[34mSELECT  "appointments".* FROM "appointments" ORDER BY appt_time ASC LIMIT $1[0m  [["LIMIT", 11]]
  ↳ /Users/johnhinnegan/.rvm/rubies/ruby-2.4.4/lib/ruby/gems/2.4.0/gems/did_you_mean-1.1.0/lib/did_you_mean/core_ext/name_error.rb:6
  [1m[36mCACHE Appointment Load (0.0ms)[0m  [1m[34mSELECT  "appointments".* FROM "appointments" ORDER BY appt_time ASC LIMIT $1[0m  [["LIMIT", 11]]
  ↳ /Users/johnhinnegan/.rvm/rubies/ruby-2.4.4/lib/ruby/gems/2.4.0/gems/did_you_mean-1.1.0/lib/did_you_mean/core_ext/name_error.rb:6
  Rendered appointments/index.html.haml within layouts/application (602.8ms)
Completed 500 Internal Server Error in 622ms (ActiveRecord: 7.8ms)


  
ActionView::Template::Error (undefined local variable or method `appointment’' for #<#<Class:0x00007f8672e998a0>:0x00007f8672ea3800>
Did you mean?  @appointment
               @appointments):
     7: = form_for @appointment do |f|
     8:    = f.text_field :title
     9:    = f.text_field :appt_time
    10:    = f.submit ‘Make appointment’
    11: 
    12: - @appointments.each do |a|
    13:    %h3= a.title
  
app/views/appointments/index.html.haml:10:in `block in _app_views_appointments_index_html_haml__288939807233750485_70107715129820'
app/views/appointments/index.html.haml:7:in `_app_views_appointments_index_html_haml__288939807233750485_70107715129820'
Started GET "/" for ::1 at 2018-10-15 14:20:49 -0400
Processing by AppointmentsController#index as HTML
  Rendering appointments/index.html.haml within layouts/application
  [1m[36mAppointment Load (0.4ms)[0m  [1m[34mSELECT  "appointments".* FROM "appointments" ORDER BY appt_time ASC LIMIT $1[0m  [["LIMIT", 11]]
  ↳ /Users/johnhinnegan/.rvm/rubies/ruby-2.4.4/lib/ruby/gems/2.4.0/gems/did_you_mean-1.1.0/lib/did_you_mean/core_ext/name_error.rb:10
  [1m[36mCACHE Appointment Load (0.0ms)[0m  [1m[34mSELECT  "appointments".* FROM "appointments" ORDER BY appt_time ASC LIMIT $1[0m  [["LIMIT", 11]]
  ↳ /Users/johnhinnegan/.rvm/rubies/ruby-2.4.4/lib/ruby/gems/2.4.0/gems/did_you_mean-1.1.0/lib/did_you_mean/core_ext/name_error.rb:10
  [1m[36mCACHE Appointment Load (0.0ms)[0m  [1m[34mSELECT  "appointments".* FROM "appointments" ORDER BY appt_time ASC LIMIT $1[0m  [["LIMIT", 11]]
  ↳ /Users/johnhinnegan/.rvm/rubies/ruby-2.4.4/lib/ruby/gems/2.4.0/gems/did_you_mean-1.1.0/lib/did_you_mean/core_ext/name_error.rb:10
  [1m[36mCACHE Appointment Load (0.0ms)[0m  [1m[34mSELECT  "appointments".* FROM "appointments" ORDER BY appt_time ASC LIMIT $1[0m  [["LIMIT", 11]]
  ↳ /Users/johnhinnegan/.rvm/rubies/ruby-2.4.4/lib/ruby/gems/2.4.0/gems/did_you_mean-1.1.0/lib/did_you_mean/core_ext/name_error.rb:10
  [1m[36mCACHE Appointment Load (0.0ms)[0m  [1m[34mSELECT  "appointments".* FROM "appointments" ORDER BY appt_time ASC LIMIT $1[0m  [["LIMIT", 11]]
  ↳ /Users/johnhinnegan/.rvm/rubies/ruby-2.4.4/lib/ruby/gems/2.4.0/gems/did_you_mean-1.1.0/lib/did_you_mean/core_ext/name_error.rb:10
  [1m[36mCACHE Appointment Load (0.0ms)[0m  [1m[34mSELECT  "appointments".* FROM "appointments" ORDER BY appt_time ASC LIMIT $1[0m  [["LIMIT", 11]]
  ↳ /Users/johnhinnegan/.rvm/rubies/ruby-2.4.4/lib/ruby/gems/2.4.0/gems/did_you_mean-1.1.0/lib/did_you_mean/core_ext/name_error.rb:10
  [1m[36mCACHE Appointment Load (0.0ms)[0m  [1m[34mSELECT  "appointments".* FROM "appointments" ORDER BY appt_time ASC LIMIT $1[0m  [["LIMIT", 11]]
  ↳ /Users/johnhinnegan/.rvm/rubies/ruby-2.4.4/lib/ruby/gems/2.4.0/gems/did_you_mean-1.1.0/lib/did_you_mean/core_ext/name_error.rb:6
  [1m[36mCACHE Appointment Load (0.0ms)[0m  [1m[34mSELECT  "appointments".* FROM "appointments" ORDER BY appt_time ASC LIMIT $1[0m  [["LIMIT", 11]]
  ↳ /Users/johnhinnegan/.rvm/rubies/ruby-2.4.4/lib/ruby/gems/2.4.0/gems/did_you_mean-1.1.0/lib/did_you_mean/core_ext/name_error.rb:6
  [1m[36mCACHE Appointment Load (0.0ms)[0m  [1m[34mSELECT  "appointments".* FROM "appointments" ORDER BY appt_time ASC LIMIT $1[0m  [["LIMIT", 11]]
  ↳ /Users/johnhinnegan/.rvm/rubies/ruby-2.4.4/lib/ruby/gems/2.4.0/gems/did_you_mean-1.1.0/lib/did_you_mean/core_ext/name_error.rb:6
  [1m[36mCACHE Appointment Load (0.0ms)[0m  [1m[34mSELECT  "appointments".* FROM "appointments" ORDER BY appt_time ASC LIMIT $1[0m  [["LIMIT", 11]]
  ↳ /Users/johnhinnegan/.rvm/rubies/ruby-2.4.4/lib/ruby/gems/2.4.0/gems/did_you_mean-1.1.0/lib/did_you_mean/core_ext/name_error.rb:6
  [1m[36mCACHE Appointment Load (0.0ms)[0m  [1m[34mSELECT  "appointments".* FROM "appointments" ORDER BY appt_time ASC LIMIT $1[0m  [["LIMIT", 11]]
  ↳ /Users/johnhinnegan/.rvm/rubies/ruby-2.4.4/lib/ruby/gems/2.4.0/gems/did_you_mean-1.1.0/lib/did_you_mean/core_ext/name_error.rb:6
  [1m[36mCACHE Appointment Load (0.0ms)[0m  [1m[34mSELECT  "appointments".* FROM "appointments" ORDER BY appt_time ASC LIMIT $1[0m  [["LIMIT", 11]]
  ↳ /Users/johnhinnegan/.rvm/rubies/ruby-2.4.4/lib/ruby/gems/2.4.0/gems/did_you_mean-1.1.0/lib/did_you_mean/core_ext/name_error.rb:6
  Rendered appointments/index.html.haml within layouts/application (590.9ms)
Completed 500 Internal Server Error in 607ms (ActiveRecord: 5.9ms)


  
ActionView::Template::Error (undefined local variable or method `appointment’' for #<#<Class:0x00007f8675281600>:0x00007f8675292130>
Did you mean?  @appointment
               @appointments):
     7: = form_for @appointment do |f|
     8:    = f.text_field :title
     9:    = f.text_field :appt_time
    10:    = f.submit ‘Make appointment’
    11: 
    12: - @appointments.each do |a|
    13:    %h3= a.title
  
app/views/appointments/index.html.haml:10:in `block in _app_views_appointments_index_html_haml__288939807233750485_70107733955520'
app/views/appointments/index.html.haml:7:in `_app_views_appointments_index_html_haml__288939807233750485_70107733955520'
Started GET "/" for ::1 at 2018-10-15 14:21:11 -0400
  [1m[35m (0.8ms)[0m  [1m[34mSELECT "schema_migrations"."version" FROM "schema_migrations" ORDER BY "schema_migrations"."version" ASC[0m
  ↳ /Users/johnhinnegan/.rvm/gems/ruby-2.4.4@calreact/gems/activerecord-5.2.1/lib/active_record/log_subscriber.rb:98
Processing by AppointmentsController#index as HTML
  Rendering appointments/index.html.haml within layouts/application
  [1m[36mAppointment Load (1.3ms)[0m  [1m[34mSELECT  "appointments".* FROM "appointments" ORDER BY appt_time ASC LIMIT $1[0m  [["LIMIT", 11]]
  ↳ /Users/johnhinnegan/.rvm/rubies/ruby-2.4.4/lib/ruby/gems/2.4.0/gems/did_you_mean-1.1.0/lib/did_you_mean/core_ext/name_error.rb:10
  [1m[36mAppointment Load (0.3ms)[0m  [1m[34mSELECT  "appointments".* FROM "appointments" ORDER BY appt_time ASC LIMIT $1[0m  [["LIMIT", 11]]
  ↳ /Users/johnhinnegan/.rvm/rubies/ruby-2.4.4/lib/ruby/gems/2.4.0/gems/did_you_mean-1.1.0/lib/did_you_mean/core_ext/name_error.rb:10
  [1m[36mAppointment Load (0.4ms)[0m  [1m[34mSELECT  "appointments".* FROM "appointments" ORDER BY appt_time ASC LIMIT $1[0m  [["LIMIT", 11]]
  ↳ /Users/johnhinnegan/.rvm/rubies/ruby-2.4.4/lib/ruby/gems/2.4.0/gems/did_you_mean-1.1.0/lib/did_you_mean/core_ext/name_error.rb:10
  [1m[36mAppointment Load (0.4ms)[0m  [1m[34mSELECT  "appointments".* FROM "appointments" ORDER BY appt_time ASC LIMIT $1[0m  [["LIMIT", 11]]
  ↳ /Users/johnhinnegan/.rvm/rubies/ruby-2.4.4/lib/ruby/gems/2.4.0/gems/did_you_mean-1.1.0/lib/did_you_mean/core_ext/name_error.rb:10
  [1m[36mAppointment Load (0.4ms)[0m  [1m[34mSELECT  "appointments".* FROM "appointments" ORDER BY appt_time ASC LIMIT $1[0m  [["LIMIT", 11]]
  ↳ /Users/johnhinnegan/.rvm/rubies/ruby-2.4.4/lib/ruby/gems/2.4.0/gems/did_you_mean-1.1.0/lib/did_you_mean/core_ext/name_error.rb:10
  [1m[36mAppointment Load (0.4ms)[0m  [1m[34mSELECT  "appointments".* FROM "appointments" ORDER BY appt_time ASC LIMIT $1[0m  [["LIMIT", 11]]
  ↳ /Users/johnhinnegan/.rvm/rubies/ruby-2.4.4/lib/ruby/gems/2.4.0/gems/did_you_mean-1.1.0/lib/did_you_mean/core_ext/name_error.rb:10
  [1m[36mAppointment Load (0.4ms)[0m  [1m[34mSELECT  "appointments".* FROM "appointments" ORDER BY appt_time ASC LIMIT $1[0m  [["LIMIT", 11]]
  ↳ /Users/johnhinnegan/.rvm/rubies/ruby-2.4.4/lib/ruby/gems/2.4.0/gems/did_you_mean-1.1.0/lib/did_you_mean/core_ext/name_error.rb:6
  [1m[36mAppointment Load (0.3ms)[0m  [1m[34mSELECT  "appointments".* FROM "appointments" ORDER BY appt_time ASC LIMIT $1[0m  [["LIMIT", 11]]
  ↳ /Users/johnhinnegan/.rvm/rubies/ruby-2.4.4/lib/ruby/gems/2.4.0/gems/did_you_mean-1.1.0/lib/did_you_mean/core_ext/name_error.rb:6
  [1m[36mAppointment Load (0.4ms)[0m  [1m[34mSELECT  "appointments".* FROM "appointments" ORDER BY appt_time ASC LIMIT $1[0m  [["LIMIT", 11]]
  ↳ /Users/johnhinnegan/.rvm/rubies/ruby-2.4.4/lib/ruby/gems/2.4.0/gems/did_you_mean-1.1.0/lib/did_you_mean/core_ext/name_error.rb:6
  [1m[36mAppointment Load (0.3ms)[0m  [1m[34mSELECT  "appointments".* FROM "appointments" ORDER BY appt_time ASC LIMIT $1[0m  [["LIMIT", 11]]
  ↳ /Users/johnhinnegan/.rvm/rubies/ruby-2.4.4/lib/ruby/gems/2.4.0/gems/did_you_mean-1.1.0/lib/did_you_mean/core_ext/name_error.rb:6
  [1m[36mAppointment Load (0.4ms)[0m  [1m[34mSELECT  "appointments".* FROM "appointments" ORDER BY appt_time ASC LIMIT $1[0m  [["LIMIT", 11]]
  ↳ /Users/johnhinnegan/.rvm/rubies/ruby-2.4.4/lib/ruby/gems/2.4.0/gems/did_you_mean-1.1.0/lib/did_you_mean/core_ext/name_error.rb:6
  [1m[36mAppointment Load (0.3ms)[0m  [1m[34mSELECT  "appointments".* FROM "appointments" ORDER BY appt_time ASC LIMIT $1[0m  [["LIMIT", 11]]
  ↳ /Users/johnhinnegan/.rvm/rubies/ruby-2.4.4/lib/ruby/gems/2.4.0/gems/did_you_mean-1.1.0/lib/did_you_mean/core_ext/name_error.rb:6
  Rendered appointments/index.html.haml within layouts/application (523.9ms)
Completed 500 Internal Server Error in 548ms (ActiveRecord: 11.2ms)


  
ActionView::Template::Error (undefined local variable or method `appointment’' for #<#<Class:0x00007fb657860280>:0x00007fb6578716e8>
Did you mean?  @appointment
               @appointments):
     7: = form_for @appointment do |f|
     8:    = f.text_field :title
     9:    = f.text_field :appt_time
    10:    = f.submit ‘Make appointment’
    11: 
    12: - @appointments.each do |a|
    13:    %h3= a.title
  
app/views/appointments/index.html.haml:10:in `block in _app_views_appointments_index_html_haml__379863633946765971_70210564589620'
app/views/appointments/index.html.haml:7:in `_app_views_appointments_index_html_haml__379863633946765971_70210564589620'
Started GET "/" for ::1 at 2018-10-15 14:21:23 -0400
Processing by AppointmentsController#index as HTML
  Rendering appointments/index.html.haml within layouts/application
  [1m[36mAppointment Load (1.1ms)[0m  [1m[34mSELECT "appointments".* FROM "appointments" ORDER BY appt_time ASC[0m
  ↳ app/views/appointments/index.html.haml:12
  Rendered appointments/index.html.haml within layouts/application (4.1ms)
Completed 200 OK in 1241ms (Views: 1237.8ms | ActiveRecord: 1.1ms)


Started GET "/" for ::1 at 2018-10-15 14:22:36 -0400
Processing by AppointmentsController#index as HTML
  Rendering appointments/index.html.haml within layouts/application
  [1m[36mAppointment Load (0.4ms)[0m  [1m[34mSELECT "appointments".* FROM "appointments" ORDER BY appt_time ASC[0m
  ↳ app/views/appointments/index.html.haml:12
  Rendered appointments/index.html.haml within layouts/application (3.3ms)
Completed 200 OK in 128ms (Views: 112.9ms | ActiveRecord: 8.5ms)


Started POST "/appointments" for ::1 at 2018-10-15 14:23:07 -0400
  
AbstractController::ActionNotFound (The action 'create' could not be found for AppointmentsController):
  
actionpack (5.2.1) lib/abstract_controller/base.rb:129:in `process'
actionview (5.2.1) lib/action_view/rendering.rb:32:in `process'
actionpack (5.2.1) lib/action_controller/metal.rb:191:in `dispatch'
actionpack (5.2.1) lib/action_controller/metal.rb:252:in `dispatch'
actionpack (5.2.1) lib/action_dispatch/routing/route_set.rb:52:in `dispatch'
actionpack (5.2.1) lib/action_dispatch/routing/route_set.rb:34:in `serve'
actionpack (5.2.1) lib/action_dispatch/journey/router.rb:52:in `block in serve'
actionpack (5.2.1) lib/action_dispatch/journey/router.rb:35:in `each'
actionpack (5.2.1) lib/action_dispatch/journey/router.rb:35:in `serve'
actionpack (5.2.1) lib/action_dispatch/routing/route_set.rb:840:in `call'
rack (2.0.5) lib/rack/tempfile_reaper.rb:15:in `call'
rack (2.0.5) lib/rack/etag.rb:25:in `call'
rack (2.0.5) lib/rack/conditional_get.rb:38:in `call'
rack (2.0.5) lib/rack/head.rb:12:in `call'
actionpack (5.2.1) lib/action_dispatch/http/content_security_policy.rb:18:in `call'
rack (2.0.5) lib/rack/session/abstract/id.rb:232:in `context'
rack (2.0.5) lib/rack/session/abstract/id.rb:226:in `call'
actionpack (5.2.1) lib/action_dispatch/middleware/cookies.rb:670:in `call'
activerecord (5.2.1) lib/active_record/migration.rb:559:in `call'
actionpack (5.2.1) lib/action_dispatch/middleware/callbacks.rb:28:in `block in call'
activesupport (5.2.1) lib/active_support/callbacks.rb:98:in `run_callbacks'
actionpack (5.2.1) lib/action_dispatch/middleware/callbacks.rb:26:in `call'
actionpack (5.2.1) lib/action_dispatch/middleware/executor.rb:14:in `call'
actionpack (5.2.1) lib/action_dispatch/middleware/debug_exceptions.rb:61:in `call'
web-console (3.7.0) lib/web_console/middleware.rb:135:in `call_app'
web-console (3.7.0) lib/web_console/middleware.rb:30:in `block in call'
web-console (3.7.0) lib/web_console/middleware.rb:20:in `catch'
web-console (3.7.0) lib/web_console/middleware.rb:20:in `call'
actionpack (5.2.1) lib/action_dispatch/middleware/show_exceptions.rb:33:in `call'
railties (5.2.1) lib/rails/rack/logger.rb:38:in `call_app'
railties (5.2.1) lib/rails/rack/logger.rb:26:in `block in call'
activesupport (5.2.1) lib/active_support/tagged_logging.rb:71:in `block in tagged'
activesupport (5.2.1) lib/active_support/tagged_logging.rb:28:in `tagged'
activesupport (5.2.1) lib/active_support/tagged_logging.rb:71:in `tagged'
railties (5.2.1) lib/rails/rack/logger.rb:26:in `call'
sprockets-rails (3.2.1) lib/sprockets/rails/quiet_assets.rb:13:in `call'
actionpack (5.2.1) lib/action_dispatch/middleware/remote_ip.rb:81:in `call'
actionpack (5.2.1) lib/action_dispatch/middleware/request_id.rb:27:in `call'
rack (2.0.5) lib/rack/method_override.rb:22:in `call'
rack (2.0.5) lib/rack/runtime.rb:22:in `call'
activesupport (5.2.1) lib/active_support/cache/strategy/local_cache_middleware.rb:29:in `call'
actionpack (5.2.1) lib/action_dispatch/middleware/executor.rb:14:in `call'
actionpack (5.2.1) lib/action_dispatch/middleware/static.rb:127:in `call'
rack (2.0.5) lib/rack/sendfile.rb:111:in `call'
webpacker (3.5.5) lib/webpacker/dev_server_proxy.rb:22:in `perform_request'
rack-proxy (0.6.5) lib/rack/proxy.rb:57:in `call'
railties (5.2.1) lib/rails/engine.rb:524:in `call'
puma (3.12.0) lib/puma/configuration.rb:225:in `call'
puma (3.12.0) lib/puma/server.rb:658:in `handle_request'
puma (3.12.0) lib/puma/server.rb:472:in `process_client'
puma (3.12.0) lib/puma/server.rb:332:in `block in run'
puma (3.12.0) lib/puma/thread_pool.rb:133:in `block in spawn_thread'
Started POST "/appointments" for ::1 at 2018-10-15 14:24:09 -0400
Processing by AppointmentsController#create as HTML
  Parameters: {"utf8"=>"✓", "authenticity_token"=>"AJofDv8VaTycSyBr5E5HDG6DxygdHrDATijFeleog2/OTv3NEGbG4s7PF6hoa7xS/I992BU2yQgf8suBIAkoQw==", "appointment"=>{"title"=>"Meet Joe", "appt_time"=>"Jan 26 2017"}, "commit"=>"Make appointment"}
  [1m[35m (0.1ms)[0m  [1m[35mBEGIN[0m
  ↳ app/controllers/appointments_controller.rb:8
  [1m[36mAppointment Create (1.0ms)[0m  [1m[32mINSERT INTO "appointments" ("title", "appt_time", "created_at", "updated_at") VALUES ($1, $2, $3, $4) RETURNING "id"[0m  [["title", "Meet Joe"], ["appt_time", "2017-01-26 00:00:00"], ["created_at", "2018-10-15 18:24:09.081751"], ["updated_at", "2018-10-15 18:24:09.081751"]]
  ↳ app/controllers/appointments_controller.rb:8
  [1m[35m (0.4ms)[0m  [1m[35mCOMMIT[0m
  ↳ app/controllers/appointments_controller.rb:8
Redirected to http://localhost:3001/
Completed 302 Found in 18ms (ActiveRecord: 9.7ms)


Started GET "/" for ::1 at 2018-10-15 14:24:09 -0400
Processing by AppointmentsController#index as HTML
  Rendering appointments/index.html.haml within layouts/application
  [1m[36mAppointment Load (0.8ms)[0m  [1m[34mSELECT "appointments".* FROM "appointments" ORDER BY appt_time ASC[0m
  ↳ app/views/appointments/index.html.haml:12
  Rendered appointments/index.html.haml within layouts/application (5.9ms)
Completed 200 OK in 25ms (Views: 22.5ms | ActiveRecord: 0.8ms)


Started GET "/" for ::1 at 2018-10-15 14:24:38 -0400
Processing by AppointmentsController#index as HTML
  Rendering appointments/index.html.haml within layouts/application
  [1m[36mAppointment Load (0.6ms)[0m  [1m[34mSELECT "appointments".* FROM "appointments" ORDER BY appt_time ASC[0m
  ↳ app/views/appointments/index.html.haml:12
  Rendered appointments/index.html.haml within layouts/application (3.8ms)
Completed 200 OK in 22ms (Views: 19.7ms | ActiveRecord: 0.6ms)


Started POST "/appointments" for ::1 at 2018-10-15 14:24:54 -0400
Processing by AppointmentsController#create as JS
  Parameters: {"utf8"=>"✓", "appointment"=>{"title"=>"Meet Sam", "appt_time"=>"February 8, 2018 3:00pm"}, "commit"=>"Make appointment"}
  [1m[35m (0.1ms)[0m  [1m[35mBEGIN[0m
  ↳ app/controllers/appointments_controller.rb:8
  [1m[36mAppointment Create (0.3ms)[0m  [1m[32mINSERT INTO "appointments" ("title", "appt_time", "created_at", "updated_at") VALUES ($1, $2, $3, $4) RETURNING "id"[0m  [["title", "Meet Sam"], ["appt_time", "2018-02-08 15:00:00"], ["created_at", "2018-10-15 18:24:54.906726"], ["updated_at", "2018-10-15 18:24:54.906726"]]
  ↳ app/controllers/appointments_controller.rb:8
  [1m[35m (0.3ms)[0m  [1m[35mCOMMIT[0m
  ↳ app/controllers/appointments_controller.rb:8
Redirected to http://localhost:3001/
Completed 200 OK in 3ms (ActiveRecord: 0.8ms)


Started GET "/" for ::1 at 2018-10-15 14:24:54 -0400
Processing by AppointmentsController#index as HTML
  Rendering appointments/index.html.haml within layouts/application
  [1m[36mAppointment Load (0.4ms)[0m  [1m[34mSELECT "appointments".* FROM "appointments" ORDER BY appt_time ASC[0m
  ↳ app/views/appointments/index.html.haml:12
  Rendered appointments/index.html.haml within layouts/application (4.3ms)
Completed 200 OK in 29ms (Views: 26.7ms | ActiveRecord: 0.4ms)


Started GET "/" for ::1 at 2018-10-15 14:26:44 -0400
Processing by AppointmentsController#index as HTML
  Rendering appointments/index.html.haml within layouts/application
  [1m[36mAppointment Load (0.4ms)[0m  [1m[34mSELECT "appointments".* FROM "appointments" ORDER BY appt_time ASC[0m
  ↳ app/views/appointments/_appointments.html.haml:2
  Rendered appointments/_appointments.html.haml (2.3ms)
  Rendered appointments/index.html.haml within layouts/application (9.7ms)
Completed 200 OK in 28ms (Views: 25.6ms | ActiveRecord: 0.4ms)


Started GET "/" for ::1 at 2018-10-15 14:28:30 -0400
Processing by AppointmentsController#index as HTML
  Rendering appointments/index.html.haml within layouts/application
  [1m[36mAppointment Load (0.4ms)[0m  [1m[34mSELECT "appointments".* FROM "appointments" ORDER BY appt_time ASC[0m
  ↳ app/views/appointments/_appointments.html.haml:2
  Rendered appointments/_appointments.html.haml (2.8ms)
  Rendered appointments/index.html.haml within layouts/application (7.4ms)
Completed 200 OK in 36ms (Views: 23.3ms | ActiveRecord: 5.8ms)


Started POST "/appointments" for ::1 at 2018-10-15 14:28:43 -0400
Processing by AppointmentsController#create as JS
  Parameters: {"utf8"=>"✓", "appointment"=>{"title"=>"CEO SUMMIT", "appt_time"=>"1 March 2017 11am"}, "commit"=>"Make appointment"}
  [1m[35m (0.2ms)[0m  [1m[35mBEGIN[0m
  ↳ app/controllers/appointments_controller.rb:8
  [1m[36mAppointment Create (0.4ms)[0m  [1m[32mINSERT INTO "appointments" ("title", "appt_time", "created_at", "updated_at") VALUES ($1, $2, $3, $4) RETURNING "id"[0m  [["title", "CEO SUMMIT"], ["appt_time", "2017-03-01 11:00:00"], ["created_at", "2018-10-15 18:28:43.380535"], ["updated_at", "2018-10-15 18:28:43.380535"]]
  ↳ app/controllers/appointments_controller.rb:8
  [1m[35m (0.4ms)[0m  [1m[35mCOMMIT[0m
  ↳ app/controllers/appointments_controller.rb:8
  Rendering appointments/create.js.haml
  [1m[36mAppointment Load (0.4ms)[0m  [1m[34mSELECT  "appointments".* FROM "appointments" ORDER BY appt_time ASC LIMIT $1[0m  [["LIMIT", 11]]
  ↳ /Users/johnhinnegan/.rvm/rubies/ruby-2.4.4/lib/ruby/gems/2.4.0/gems/did_you_mean-1.1.0/lib/did_you_mean/core_ext/name_error.rb:10
  [1m[36mCACHE Appointment Load (0.0ms)[0m  [1m[34mSELECT  "appointments".* FROM "appointments" ORDER BY appt_time ASC LIMIT $1[0m  [["LIMIT", 11]]
  ↳ /Users/johnhinnegan/.rvm/rubies/ruby-2.4.4/lib/ruby/gems/2.4.0/gems/did_you_mean-1.1.0/lib/did_you_mean/core_ext/name_error.rb:10
  [1m[36mCACHE Appointment Load (0.0ms)[0m  [1m[34mSELECT  "appointments".* FROM "appointments" ORDER BY appt_time ASC LIMIT $1[0m  [["LIMIT", 11]]
  ↳ /Users/johnhinnegan/.rvm/rubies/ruby-2.4.4/lib/ruby/gems/2.4.0/gems/did_you_mean-1.1.0/lib/did_you_mean/core_ext/name_error.rb:10
  [1m[36mCACHE Appointment Load (0.0ms)[0m  [1m[34mSELECT  "appointments".* FROM "appointments" ORDER BY appt_time ASC LIMIT $1[0m  [["LIMIT", 11]]
  ↳ /Users/johnhinnegan/.rvm/rubies/ruby-2.4.4/lib/ruby/gems/2.4.0/gems/did_you_mean-1.1.0/lib/did_you_mean/core_ext/name_error.rb:10
  [1m[36mCACHE Appointment Load (0.0ms)[0m  [1m[34mSELECT  "appointments".* FROM "appointments" ORDER BY appt_time ASC LIMIT $1[0m  [["LIMIT", 11]]
  ↳ /Users/johnhinnegan/.rvm/rubies/ruby-2.4.4/lib/ruby/gems/2.4.0/gems/did_you_mean-1.1.0/lib/did_you_mean/core_ext/name_error.rb:10
  [1m[36mCACHE Appointment Load (0.0ms)[0m  [1m[34mSELECT  "appointments".* FROM "appointments" ORDER BY appt_time ASC LIMIT $1[0m  [["LIMIT", 11]]
  ↳ /Users/johnhinnegan/.rvm/rubies/ruby-2.4.4/lib/ruby/gems/2.4.0/gems/did_you_mean-1.1.0/lib/did_you_mean/core_ext/name_error.rb:10
  [1m[36mCACHE Appointment Load (0.0ms)[0m  [1m[34mSELECT  "appointments".* FROM "appointments" ORDER BY appt_time ASC LIMIT $1[0m  [["LIMIT", 11]]
  ↳ /Users/johnhinnegan/.rvm/rubies/ruby-2.4.4/lib/ruby/gems/2.4.0/gems/did_you_mean-1.1.0/lib/did_you_mean/core_ext/name_error.rb:6
  [1m[36mCACHE Appointment Load (0.0ms)[0m  [1m[34mSELECT  "appointments".* FROM "appointments" ORDER BY appt_time ASC LIMIT $1[0m  [["LIMIT", 11]]
  ↳ /Users/johnhinnegan/.rvm/rubies/ruby-2.4.4/lib/ruby/gems/2.4.0/gems/did_you_mean-1.1.0/lib/did_you_mean/core_ext/name_error.rb:6
  [1m[36mCACHE Appointment Load (0.0ms)[0m  [1m[34mSELECT  "appointments".* FROM "appointments" ORDER BY appt_time ASC LIMIT $1[0m  [["LIMIT", 11]]
  ↳ /Users/johnhinnegan/.rvm/rubies/ruby-2.4.4/lib/ruby/gems/2.4.0/gems/did_you_mean-1.1.0/lib/did_you_mean/core_ext/name_error.rb:6
  [1m[36mCACHE Appointment Load (0.0ms)[0m  [1m[34mSELECT  "appointments".* FROM "appointments" ORDER BY appt_time ASC LIMIT $1[0m  [["LIMIT", 11]]
  ↳ /Users/johnhinnegan/.rvm/rubies/ruby-2.4.4/lib/ruby/gems/2.4.0/gems/did_you_mean-1.1.0/lib/did_you_mean/core_ext/name_error.rb:6
  [1m[36mCACHE Appointment Load (0.0ms)[0m  [1m[34mSELECT  "appointments".* FROM "appointments" ORDER BY appt_time ASC LIMIT $1[0m  [["LIMIT", 11]]
  ↳ /Users/johnhinnegan/.rvm/rubies/ruby-2.4.4/lib/ruby/gems/2.4.0/gems/did_you_mean-1.1.0/lib/did_you_mean/core_ext/name_error.rb:6
  [1m[36mCACHE Appointment Load (0.0ms)[0m  [1m[34mSELECT  "appointments".* FROM "appointments" ORDER BY appt_time ASC LIMIT $1[0m  [["LIMIT", 11]]
  ↳ /Users/johnhinnegan/.rvm/rubies/ruby-2.4.4/lib/ruby/gems/2.4.0/gems/did_you_mean-1.1.0/lib/did_you_mean/core_ext/name_error.rb:6
  Rendered appointments/create.js.haml (616.0ms)
Completed 500 Internal Server Error in 660ms (ActiveRecord: 1.5ms)


  
ActionView::Template::Error (undefined local variable or method `‘appointments’' for #<#<Class:0x00007fb65ec71ea8>:0x00007fb65f0fa038>
Did you mean?  @appointments
               @appointment):
    1: :plain 
    2:   $(‘#appointments’).html(“#{escape_javascript(render ‘appointments’)}”);
  
app/views/appointments/create.js.haml:2:in `_app_views_appointments_create_js_haml__4131133763980971464_70210627818880'
Started GET "/" for ::1 at 2018-10-15 14:29:16 -0400
Processing by AppointmentsController#index as HTML
  Rendering appointments/index.html.haml within layouts/application
  [1m[36mAppointment Load (0.4ms)[0m  [1m[34mSELECT "appointments".* FROM "appointments" ORDER BY appt_time ASC[0m
  ↳ app/views/appointments/_appointments.html.haml:2
  Rendered appointments/_appointments.html.haml (2.6ms)
  Rendered appointments/index.html.haml within layouts/application (6.4ms)
Completed 200 OK in 24ms (Views: 21.6ms | ActiveRecord: 0.4ms)


